<?xml version="1.0" encoding="UTF-8"?>
<coverage generated="1666803452394" clover="3.2.0">
  <project timestamp="1666803452394" name="All files">
    <metrics statements="37" coveredstatements="37" conditionals="27" coveredconditionals="27" methods="10" coveredmethods="10" elements="74" coveredelements="74" complexity="0" loc="37" ncloc="37" packages="1" files="8" classes="8"/>
    <file name="aging_item.js" path="/Users/ritaaktay/Projects/gilded-rose/src/aging_item.js">
      <metrics statements="3" coveredstatements="3" conditionals="0" coveredconditionals="0" methods="1" coveredmethods="1"/>
      <line num="1" count="7" type="stmt"/>
      <line num="5" count="15" type="stmt"/>
      <line num="9" count="7" type="stmt"/>
    </file>
    <file name="backstagepass_item.js" path="/Users/ritaaktay/Projects/gilded-rose/src/backstagepass_item.js">
      <metrics statements="8" coveredstatements="8" conditionals="8" coveredconditionals="8" methods="1" coveredmethods="1"/>
      <line num="1" count="2" type="stmt"/>
      <line num="5" count="16" type="cond" truecount="2" falsecount="0"/>
      <line num="6" count="4" type="stmt"/>
      <line num="8" count="12" type="stmt"/>
      <line num="9" count="12" type="cond" truecount="2" falsecount="0"/>
      <line num="10" count="12" type="cond" truecount="2" falsecount="0"/>
      <line num="11" count="12" type="cond" truecount="2" falsecount="0"/>
      <line num="16" count="2" type="stmt"/>
    </file>
    <file name="brie_item.js" path="/Users/ritaaktay/Projects/gilded-rose/src/brie_item.js">
      <metrics statements="5" coveredstatements="5" conditionals="6" coveredconditionals="6" methods="1" coveredmethods="1"/>
      <line num="1" count="2" type="stmt"/>
      <line num="5" count="6" type="cond" truecount="2" falsecount="0"/>
      <line num="6" count="6" type="cond" truecount="4" falsecount="0"/>
      <line num="7" count="1" type="stmt"/>
      <line num="12" count="2" type="stmt"/>
    </file>
    <file name="conjured_item.js" path="/Users/ritaaktay/Projects/gilded-rose/src/conjured_item.js">
      <metrics statements="5" coveredstatements="5" conditionals="6" coveredconditionals="6" methods="1" coveredmethods="1"/>
      <line num="1" count="2" type="stmt"/>
      <line num="5" count="9" type="cond" truecount="2" falsecount="0"/>
      <line num="6" count="9" type="cond" truecount="2" falsecount="0"/>
      <line num="7" count="9" type="cond" truecount="2" falsecount="0"/>
      <line num="11" count="2" type="stmt"/>
    </file>
    <file name="generic_item.js" path="/Users/ritaaktay/Projects/gilded-rose/src/generic_item.js">
      <metrics statements="4" coveredstatements="4" conditionals="6" coveredconditionals="6" methods="1" coveredmethods="1"/>
      <line num="1" count="2" type="stmt"/>
      <line num="5" count="8" type="cond" truecount="2" falsecount="0"/>
      <line num="6" count="8" type="cond" truecount="4" falsecount="0"/>
      <line num="10" count="2" type="stmt"/>
    </file>
    <file name="item.js" path="/Users/ritaaktay/Projects/gilded-rose/src/item.js">
      <metrics statements="4" coveredstatements="4" conditionals="0" coveredconditionals="0" methods="1" coveredmethods="1"/>
      <line num="3" count="53" type="stmt"/>
      <line num="4" count="53" type="stmt"/>
      <line num="5" count="53" type="stmt"/>
      <line num="9" count="8" type="stmt"/>
    </file>
    <file name="shop.js" path="/Users/ritaaktay/Projects/gilded-rose/src/shop.js">
      <metrics statements="6" coveredstatements="6" conditionals="1" coveredconditionals="1" methods="2" coveredmethods="2"/>
      <line num="3" count="3" type="stmt"/>
      <line num="6" count="2" type="stmt"/>
      <line num="7" count="18" type="stmt"/>
      <line num="8" count="18" type="stmt"/>
      <line num="10" count="2" type="stmt"/>
      <line num="14" count="1" type="stmt"/>
    </file>
    <file name="sulfuras_item.js" path="/Users/ritaaktay/Projects/gilded-rose/src/sulfuras_item.js">
      <metrics statements="2" coveredstatements="2" conditionals="0" coveredconditionals="0" methods="2" coveredmethods="2"/>
      <line num="1" count="2" type="stmt"/>
      <line num="8" count="2" type="stmt"/>
    </file>
  </project>
</coverage>
