{"/Users/ritaaktay/Projects/gilded-rose/src/aging_item.js": {"path":"/Users/ritaaktay/Projects/gilded-rose/src/aging_item.js","statementMap":{"0":{"start":{"line":1,"column":13},"end":{"line":1,"column":30}},"1":{"start":{"line":5,"column":4},"end":{"line":5,"column":21}},"2":{"start":{"line":9,"column":0},"end":{"line":9,"column":27}}},"fnMap":{"0":{"name":"(anonymous_0)","decl":{"start":{"line":4,"column":2},"end":{"line":4,"column":3}},"loc":{"start":{"line":4,"column":17},"end":{"line":6,"column":3}},"line":4}},"branchMap":{},"s":{"0":7,"1":15,"2":7},"f":{"0":15},"b":{},"_coverageSchema":"43e27e138ebf9cfc5966b082cf9a028302ed4184","hash":"43c645f9d310a7628a4f40fcfce8372f6b649592"}
,"/Users/ritaaktay/Projects/gilded-rose/src/backstagepass_item.js": {"path":"/Users/ritaaktay/Projects/gilded-rose/src/backstagepass_item.js","statementMap":{"0":{"start":{"line":1,"column":18},"end":{"line":1,"column":41}},"1":{"start":{"line":5,"column":4},"end":{"line":12,"column":5}},"2":{"start":{"line":6,"column":6},"end":{"line":6,"column":23}},"3":{"start":{"line":8,"column":6},"end":{"line":8,"column":24}},"4":{"start":{"line":9,"column":6},"end":{"line":9,"column":47}},"5":{"start":{"line":9,"column":29},"end":{"line":9,"column":47}},"6":{"start":{"line":10,"column":6},"end":{"line":10,"column":46}},"7":{"start":{"line":10,"column":28},"end":{"line":10,"column":46}},"8":{"start":{"line":11,"column":6},"end":{"line":11,"column":47}},"9":{"start":{"line":11,"column":29},"end":{"line":11,"column":47}},"10":{"start":{"line":16,"column":0},"end":{"line":16,"column":35}}},"fnMap":{"0":{"name":"(anonymous_0)","decl":{"start":{"line":4,"column":2},"end":{"line":4,"column":3}},"loc":{"start":{"line":4,"column":18},"end":{"line":13,"column":3}},"line":4}},"branchMap":{"0":{"loc":{"start":{"line":5,"column":4},"end":{"line":12,"column":5}},"type":"if","locations":[{"start":{"line":5,"column":4},"end":{"line":12,"column":5}},{"start":{"line":5,"column":4},"end":{"line":12,"column":5}}],"line":5},"1":{"loc":{"start":{"line":9,"column":6},"end":{"line":9,"column":47}},"type":"if","locations":[{"start":{"line":9,"column":6},"end":{"line":9,"column":47}},{"start":{"line":9,"column":6},"end":{"line":9,"column":47}}],"line":9},"2":{"loc":{"start":{"line":10,"column":6},"end":{"line":10,"column":46}},"type":"if","locations":[{"start":{"line":10,"column":6},"end":{"line":10,"column":46}},{"start":{"line":10,"column":6},"end":{"line":10,"column":46}}],"line":10},"3":{"loc":{"start":{"line":11,"column":6},"end":{"line":11,"column":47}},"type":"if","locations":[{"start":{"line":11,"column":6},"end":{"line":11,"column":47}},{"start":{"line":11,"column":6},"end":{"line":11,"column":47}}],"line":11}},"s":{"0":2,"1":16,"2":4,"3":12,"4":12,"5":8,"6":12,"7":4,"8":12,"9":7,"10":2},"f":{"0":16},"b":{"0":[4,12],"1":[8,4],"2":[4,8],"3":[7,5]},"_coverageSchema":"43e27e138ebf9cfc5966b082cf9a028302ed4184","hash":"c1e6f6bee22a79fe56cfa02e4626678006e8211a"}
,"/Users/ritaaktay/Projects/gilded-rose/src/brie_item.js": {"path":"/Users/ritaaktay/Projects/gilded-rose/src/brie_item.js","statementMap":{"0":{"start":{"line":1,"column":18},"end":{"line":1,"column":41}},"1":{"start":{"line":5,"column":4},"end":{"line":5,"column":45}},"2":{"start":{"line":5,"column":27},"end":{"line":5,"column":45}},"3":{"start":{"line":6,"column":4},"end":{"line":8,"column":5}},"4":{"start":{"line":7,"column":6},"end":{"line":7,"column":24}},"5":{"start":{"line":12,"column":0},"end":{"line":12,"column":26}}},"fnMap":{"0":{"name":"(anonymous_0)","decl":{"start":{"line":4,"column":2},"end":{"line":4,"column":3}},"loc":{"start":{"line":4,"column":18},"end":{"line":9,"column":3}},"line":4}},"branchMap":{"0":{"loc":{"start":{"line":5,"column":4},"end":{"line":5,"column":45}},"type":"if","locations":[{"start":{"line":5,"column":4},"end":{"line":5,"column":45}},{"start":{"line":5,"column":4},"end":{"line":5,"column":45}}],"line":5},"1":{"loc":{"start":{"line":6,"column":4},"end":{"line":8,"column":5}},"type":"if","locations":[{"start":{"line":6,"column":4},"end":{"line":8,"column":5}},{"start":{"line":6,"column":4},"end":{"line":8,"column":5}}],"line":6},"2":{"loc":{"start":{"line":6,"column":8},"end":{"line":6,"column":44}},"type":"binary-expr","locations":[{"start":{"line":6,"column":8},"end":{"line":6,"column":23}},{"start":{"line":6,"column":27},"end":{"line":6,"column":44}}],"line":6}},"s":{"0":2,"1":6,"2":4,"3":6,"4":1,"5":2},"f":{"0":6},"b":{"0":[4,2],"1":[1,5],"2":[6,2]},"_coverageSchema":"43e27e138ebf9cfc5966b082cf9a028302ed4184","hash":"f4d0593fa4d5a7b068644c1740f0584fd142472e"}
,"/Users/ritaaktay/Projects/gilded-rose/src/conjured_item.js": {"path":"/Users/ritaaktay/Projects/gilded-rose/src/conjured_item.js","statementMap":{"0":{"start":{"line":1,"column":18},"end":{"line":1,"column":41}},"1":{"start":{"line":5,"column":4},"end":{"line":5,"column":44}},"2":{"start":{"line":5,"column":26},"end":{"line":5,"column":44}},"3":{"start":{"line":6,"column":4},"end":{"line":6,"column":43}},"4":{"start":{"line":6,"column":25},"end":{"line":6,"column":43}},"5":{"start":{"line":7,"column":4},"end":{"line":7,"column":43}},"6":{"start":{"line":7,"column":26},"end":{"line":7,"column":43}},"7":{"start":{"line":11,"column":0},"end":{"line":11,"column":30}}},"fnMap":{"0":{"name":"(anonymous_0)","decl":{"start":{"line":4,"column":2},"end":{"line":4,"column":3}},"loc":{"start":{"line":4,"column":18},"end":{"line":8,"column":3}},"line":4}},"branchMap":{"0":{"loc":{"start":{"line":5,"column":4},"end":{"line":5,"column":44}},"type":"if","locations":[{"start":{"line":5,"column":4},"end":{"line":5,"column":44}},{"start":{"line":5,"column":4},"end":{"line":5,"column":44}}],"line":5},"1":{"loc":{"start":{"line":6,"column":4},"end":{"line":6,"column":43}},"type":"if","locations":[{"start":{"line":6,"column":4},"end":{"line":6,"column":43}},{"start":{"line":6,"column":4},"end":{"line":6,"column":43}}],"line":6},"2":{"loc":{"start":{"line":7,"column":4},"end":{"line":7,"column":43}},"type":"if","locations":[{"start":{"line":7,"column":4},"end":{"line":7,"column":43}},{"start":{"line":7,"column":4},"end":{"line":7,"column":43}}],"line":7}},"s":{"0":2,"1":9,"2":8,"3":9,"4":5,"5":9,"6":5,"7":2},"f":{"0":9},"b":{"0":[8,1],"1":[5,4],"2":[5,4]},"_coverageSchema":"43e27e138ebf9cfc5966b082cf9a028302ed4184","hash":"93fc442090d538b5d3cff0a8856f09e74c907fc9"}
,"/Users/ritaaktay/Projects/gilded-rose/src/generic_item.js": {"path":"/Users/ritaaktay/Projects/gilded-rose/src/generic_item.js","statementMap":{"0":{"start":{"line":1,"column":13},"end":{"line":1,"column":36}},"1":{"start":{"line":5,"column":4},"end":{"line":5,"column":44}},"2":{"start":{"line":5,"column":26},"end":{"line":5,"column":44}},"3":{"start":{"line":6,"column":4},"end":{"line":6,"column":63}},"4":{"start":{"line":6,"column":45},"end":{"line":6,"column":63}},"5":{"start":{"line":10,"column":0},"end":{"line":10,"column":29}}},"fnMap":{"0":{"name":"(anonymous_0)","decl":{"start":{"line":4,"column":2},"end":{"line":4,"column":3}},"loc":{"start":{"line":4,"column":18},"end":{"line":7,"column":3}},"line":4}},"branchMap":{"0":{"loc":{"start":{"line":5,"column":4},"end":{"line":5,"column":44}},"type":"if","locations":[{"start":{"line":5,"column":4},"end":{"line":5,"column":44}},{"start":{"line":5,"column":4},"end":{"line":5,"column":44}}],"line":5},"1":{"loc":{"start":{"line":6,"column":4},"end":{"line":6,"column":63}},"type":"if","locations":[{"start":{"line":6,"column":4},"end":{"line":6,"column":63}},{"start":{"line":6,"column":4},"end":{"line":6,"column":63}}],"line":6},"2":{"loc":{"start":{"line":6,"column":8},"end":{"line":6,"column":43}},"type":"binary-expr","locations":[{"start":{"line":6,"column":8},"end":{"line":6,"column":23}},{"start":{"line":6,"column":27},"end":{"line":6,"column":43}}],"line":6}},"s":{"0":2,"1":8,"2":7,"3":8,"4":1,"5":2},"f":{"0":8},"b":{"0":[7,1],"1":[1,7],"2":[8,2]},"_coverageSchema":"43e27e138ebf9cfc5966b082cf9a028302ed4184","hash":"5b10334d14f2d36ec3b8b46a9ed1cb17e2e17138"}
,"/Users/ritaaktay/Projects/gilded-rose/src/item.js": {"path":"/Users/ritaaktay/Projects/gilded-rose/src/item.js","statementMap":{"0":{"start":{"line":3,"column":4},"end":{"line":3,"column":21}},"1":{"start":{"line":4,"column":4},"end":{"line":4,"column":25}},"2":{"start":{"line":5,"column":4},"end":{"line":5,"column":27}},"3":{"start":{"line":9,"column":0},"end":{"line":9,"column":22}}},"fnMap":{"0":{"name":"(anonymous_0)","decl":{"start":{"line":2,"column":2},"end":{"line":2,"column":3}},"loc":{"start":{"line":2,"column":37},"end":{"line":6,"column":3}},"line":2}},"branchMap":{},"s":{"0":53,"1":53,"2":53,"3":8},"f":{"0":53},"b":{},"_coverageSchema":"43e27e138ebf9cfc5966b082cf9a028302ed4184","hash":"0cf2b03e486a62416fb4017a51ddf5344feda468"}
,"/Users/ritaaktay/Projects/gilded-rose/src/shop.js": {"path":"/Users/ritaaktay/Projects/gilded-rose/src/shop.js","statementMap":{"0":{"start":{"line":3,"column":4},"end":{"line":3,"column":23}},"1":{"start":{"line":6,"column":4},"end":{"line":9,"column":5}},"2":{"start":{"line":6,"column":17},"end":{"line":6,"column":18}},"3":{"start":{"line":7,"column":6},"end":{"line":7,"column":36}},"4":{"start":{"line":8,"column":6},"end":{"line":8,"column":35}},"5":{"start":{"line":10,"column":4},"end":{"line":10,"column":22}},"6":{"start":{"line":14,"column":0},"end":{"line":14,"column":22}}},"fnMap":{"0":{"name":"(anonymous_0)","decl":{"start":{"line":2,"column":2},"end":{"line":2,"column":3}},"loc":{"start":{"line":2,"column":26},"end":{"line":4,"column":3}},"line":2},"1":{"name":"(anonymous_1)","decl":{"start":{"line":5,"column":2},"end":{"line":5,"column":3}},"loc":{"start":{"line":5,"column":18},"end":{"line":11,"column":3}},"line":5}},"branchMap":{"0":{"loc":{"start":{"line":2,"column":14},"end":{"line":2,"column":24}},"type":"default-arg","locations":[{"start":{"line":2,"column":22},"end":{"line":2,"column":24}}],"line":2}},"s":{"0":3,"1":2,"2":2,"3":18,"4":18,"5":2,"6":1},"f":{"0":3,"1":2},"b":{"0":[1]},"_coverageSchema":"43e27e138ebf9cfc5966b082cf9a028302ed4184","hash":"b5fbc3d692948ce32f4c7f22efaa0018008df07c"}
,"/Users/ritaaktay/Projects/gilded-rose/src/sulfuras_item.js": {"path":"/Users/ritaaktay/Projects/gilded-rose/src/sulfuras_item.js","statementMap":{"0":{"start":{"line":1,"column":18},"end":{"line":1,"column":41}},"1":{"start":{"line":8,"column":0},"end":{"line":8,"column":30}}},"fnMap":{"0":{"name":"(anonymous_0)","decl":{"start":{"line":4,"column":2},"end":{"line":4,"column":3}},"loc":{"start":{"line":4,"column":18},"end":{"line":4,"column":20}},"line":4},"1":{"name":"(anonymous_1)","decl":{"start":{"line":5,"column":2},"end":{"line":5,"column":3}},"loc":{"start":{"line":5,"column":17},"end":{"line":5,"column":19}},"line":5}},"branchMap":{},"s":{"0":2,"1":2},"f":{"0":6,"1":5},"b":{},"_coverageSchema":"43e27e138ebf9cfc5966b082cf9a028302ed4184","hash":"76615f47d888afbf939823e341dee6d26fdc03cb"}
}
