TN:
SF:/Users/ritaaktay/Projects/gilded-rose/src/aging_item.js
FN:4,(anonymous_0)
FNF:1
FNH:1
FNDA:15,(anonymous_0)
DA:1,7
DA:5,15
DA:9,7
LF:3
LH:3
BRF:0
BRH:0
end_of_record
TN:
SF:/Users/ritaaktay/Projects/gilded-rose/src/backstagepass_item.js
FN:4,(anonymous_0)
FNF:1
FNH:1
FNDA:16,(anonymous_0)
DA:1,2
DA:5,16
DA:6,4
DA:8,12
DA:9,12
DA:10,12
DA:11,12
DA:16,2
LF:8
LH:8
BRDA:5,0,0,4
BRDA:5,0,1,12
BRDA:9,1,0,8
BRDA:9,1,1,4
BRDA:10,2,0,4
BRDA:10,2,1,8
BRDA:11,3,0,7
BRDA:11,3,1,5
BRF:8
BRH:8
end_of_record
TN:
SF:/Users/ritaaktay/Projects/gilded-rose/src/brie_item.js
FN:4,(anonymous_0)
FNF:1
FNH:1
FNDA:6,(anonymous_0)
DA:1,2
DA:5,6
DA:6,6
DA:7,1
DA:12,2
LF:5
LH:5
BRDA:5,0,0,4
BRDA:5,0,1,2
BRDA:6,1,0,1
BRDA:6,1,1,5
BRDA:6,2,0,6
BRDA:6,2,1,2
BRF:6
BRH:6
end_of_record
TN:
SF:/Users/ritaaktay/Projects/gilded-rose/src/conjured_item.js
FN:4,(anonymous_0)
FNF:1
FNH:1
FNDA:9,(anonymous_0)
DA:1,2
DA:5,9
DA:6,9
DA:7,9
DA:11,2
LF:5
LH:5
BRDA:5,0,0,8
BRDA:5,0,1,1
BRDA:6,1,0,5
BRDA:6,1,1,4
BRDA:7,2,0,5
BRDA:7,2,1,4
BRF:6
BRH:6
end_of_record
TN:
SF:/Users/ritaaktay/Projects/gilded-rose/src/generic_item.js
FN:4,(anonymous_0)
FNF:1
FNH:1
FNDA:8,(anonymous_0)
DA:1,2
DA:5,8
DA:6,8
DA:10,2
LF:4
LH:4
BRDA:5,0,0,7
BRDA:5,0,1,1
BRDA:6,1,0,1
BRDA:6,1,1,7
BRDA:6,2,0,8
BRDA:6,2,1,2
BRF:6
BRH:6
end_of_record
TN:
SF:/Users/ritaaktay/Projects/gilded-rose/src/item.js
FN:2,(anonymous_0)
FNF:1
FNH:1
FNDA:53,(anonymous_0)
DA:3,53
DA:4,53
DA:5,53
DA:9,8
LF:4
LH:4
BRF:0
BRH:0
end_of_record
TN:
SF:/Users/ritaaktay/Projects/gilded-rose/src/shop.js
FN:2,(anonymous_0)
FN:5,(anonymous_1)
FNF:2
FNH:2
FNDA:3,(anonymous_0)
FNDA:2,(anonymous_1)
DA:3,3
DA:6,2
DA:7,18
DA:8,18
DA:10,2
DA:14,1
LF:6
LH:6
BRDA:2,0,0,1
BRF:1
BRH:1
end_of_record
TN:
SF:/Users/ritaaktay/Projects/gilded-rose/src/sulfuras_item.js
FN:4,(anonymous_0)
FN:5,(anonymous_1)
FNF:2
FNH:2
FNDA:6,(anonymous_0)
FNDA:5,(anonymous_1)
DA:1,2
DA:8,2
LF:2
LH:2
BRF:0
BRH:0
end_of_record
